nova201
poisson_serial
0
/home_nfs/nbcgib/evalero/CUDA/poissonSerial
Teste opt - 01 GPU ######################################
Testando Poisson com 512x512
Rodando  1

------ MALHA 512 x 512
------ PRESSAO ------- ITERACAO 58144 ------ ERRO 1.0000E-05
------ CPU TIME 1118010000, 0, 0,  1118.01, 1118
------ TOTAL TIME  1119.954322


------ TOTAL TIME  1119.954329

Rodando  2

------ MALHA 512 x 512
------ PRESSAO ------- ITERACAO 58144 ------ ERRO 1.0000E-05
------ CPU TIME 1115980000, 0, 0,  1115.98, 1116
------ TOTAL TIME  1117.986568


------ TOTAL TIME  1117.986574

Rodando  3

------ MALHA 512 x 512
------ PRESSAO ------- ITERACAO 58144 ------ ERRO 1.0000E-05
------ CPU TIME 1117320000, 0, 0,  1117.32, 1117
------ TOTAL TIME  1119.330379


------ TOTAL TIME  1119.330387

Rodando  4

------ MALHA 512 x 512
------ PRESSAO ------- ITERACAO 58144 ------ ERRO 1.0000E-05
------ CPU TIME 1117940000, 0, 0,  1117.94, 1118
------ TOTAL TIME  1119.884181


------ TOTAL TIME  1119.884195

Rodando  5

------ MALHA 512 x 512
------ PRESSAO ------- ITERACAO 58144 ------ ERRO 1.0000E-05
------ CPU TIME 1117900000, 0, 0,  1117.9, 1118
------ TOTAL TIME  1119.837026


------ TOTAL TIME  1119.837033

Rodando  6

------ MALHA 512 x 512
------ PRESSAO ------- ITERACAO 58144 ------ ERRO 1.0000E-05
------ CPU TIME 1118220000, 0, 0,  1118.22, 1118
------ TOTAL TIME  1120.161270


------ TOTAL TIME  1120.161276

Testando Poisson com 1024x1024
Rodando  1

------ MALHA 1024 x 1024
------ PRESSAO ------- ITERACAO 81502 ------ ERRO 9.9999E-06
------ CPU TIME 6469590000, 10000, 0.01,  6469.59, 6470
------ TOTAL TIME  6480.831172


------ TOTAL TIME  6480.831180

Rodando  2

------ MALHA 1024 x 1024
------ PRESSAO ------- ITERACAO 81502 ------ ERRO 9.9999E-06
------ CPU TIME 6470800000, 10000, 0.01,  6470.8, 6471
------ TOTAL TIME  6482.027124


------ TOTAL TIME  6482.027131

Rodando  3

------ MALHA 1024 x 1024
------ PRESSAO ------- ITERACAO 81502 ------ ERRO 9.9999E-06
------ CPU TIME 6468250000, 10000, 0.01,  6468.25, 6468
------ TOTAL TIME  6479.481288


------ TOTAL TIME  6479.481302

