nova111
poisson_serial
0
/home_nfs/nbcgib/evalero/CUDA/poissonSerial
Teste opt - v1.1 LONG ######################################
Testando Poisson com 512x512
Rodando  1

------ MALHA 512 x 512
------ PRESSAO ------- ITERACAO 66 ------ ERRO   -NAN
------ CPU TIME 2410000, 0, 0,  2.41, 2.41
------ TOTAL TIME  2.413261


------ TOTAL TIME  2.413265

Rodando  2

------ MALHA 512 x 512
------ PRESSAO ------- ITERACAO 66 ------ ERRO   -NAN
------ CPU TIME 2400000, 0, 0,  2.4, 2.4
------ TOTAL TIME  2.413724


------ TOTAL TIME  2.413727

Rodando  3

------ MALHA 512 x 512
------ PRESSAO ------- ITERACAO 66 ------ ERRO   -NAN
------ CPU TIME 2400000, 0, 0,  2.4, 2.4
------ TOTAL TIME  2.413228


------ TOTAL TIME  2.413231

Rodando  4

------ MALHA 512 x 512
------ PRESSAO ------- ITERACAO 66 ------ ERRO   -NAN
------ CPU TIME 2400000, 0, 0,  2.4, 2.4
------ TOTAL TIME  2.412108


------ TOTAL TIME  2.412112

Rodando  5

------ MALHA 512 x 512
------ PRESSAO ------- ITERACAO 66 ------ ERRO   -NAN
------ CPU TIME 2410000, 0, 0,  2.41, 2.41
------ TOTAL TIME  2.412005


------ TOTAL TIME  2.412009

Rodando  6

------ MALHA 512 x 512
------ PRESSAO ------- ITERACAO 66 ------ ERRO   -NAN
------ CPU TIME 2400000, 0, 0,  2.4, 2.4
------ TOTAL TIME  2.412233


------ TOTAL TIME  2.412237

Testando Poisson com 1024x1024
Rodando  1

------ MALHA 1024 x 1024
------ PRESSAO ------- ITERACAO 58 ------ ERRO   -NAN
------ CPU TIME 8490000, 0, 0,  8.49, 8.49
------ TOTAL TIME  8.496056


------ TOTAL TIME  8.496060

Rodando  2

------ MALHA 1024 x 1024
------ PRESSAO ------- ITERACAO 58 ------ ERRO   -NAN
------ CPU TIME 8490000, 0, 0,  8.49, 8.49
------ TOTAL TIME  8.497232


------ TOTAL TIME  8.497236

Rodando  3

------ MALHA 1024 x 1024
------ PRESSAO ------- ITERACAO 58 ------ ERRO   -NAN
------ CPU TIME 8480000, 0, 0,  8.48, 8.48
------ TOTAL TIME  8.496718


------ TOTAL TIME  8.496722

