nova201
poisson_serial
0
/home_nfs/nbcgib/evalero/CUDA/poissonSerial
Teste opt - v1.7 GPU ######################################
Testando Poisson com 512x512
Rodando  1

------ MALHA 512 x 512
------ PRESSAO ------- ITERACAO 58144 ------ ERRO 1.0000E-05
------ CPU TIME 1109330000, 0, 0,  1109.33, 1109
------ TOTAL TIME  1111.259143


------ TOTAL TIME  1111.259146

Rodando  2

------ MALHA 512 x 512
------ PRESSAO ------- ITERACAO 58144 ------ ERRO 1.0000E-05
------ CPU TIME 1107570000, 0, 0,  1107.57, 1108
------ TOTAL TIME  1109.566322


------ TOTAL TIME  1109.566326

Rodando  3

------ MALHA 512 x 512
------ PRESSAO ------- ITERACAO 58144 ------ ERRO 1.0000E-05
------ CPU TIME 1109840000, 0, 0,  1109.84, 1110
------ TOTAL TIME  1111.774446


------ TOTAL TIME  1111.774449

Rodando  4

------ MALHA 512 x 512
------ PRESSAO ------- ITERACAO 58144 ------ ERRO 1.0000E-05
------ CPU TIME 1110050000, 0, 0,  1110.05, 1110
------ TOTAL TIME  1111.986545


------ TOTAL TIME  1111.986549

Rodando  5

------ MALHA 512 x 512
------ PRESSAO ------- ITERACAO 58144 ------ ERRO 1.0000E-05
------ CPU TIME 1107600000, 0, 0,  1107.6, 1108
------ TOTAL TIME  1109.597780


------ TOTAL TIME  1109.597784

Rodando  6

------ MALHA 512 x 512
------ PRESSAO ------- ITERACAO 58144 ------ ERRO 1.0000E-05
------ CPU TIME 1109480000, 0, 0,  1109.48, 1109
------ TOTAL TIME  1111.417201


------ TOTAL TIME  1111.417205

Testando Poisson com 1024x1024
Rodando  1

------ MALHA 1024 x 1024
------ PRESSAO ------- ITERACAO 81502 ------ ERRO 9.9999E-06
------ CPU TIME 6447560000, 0, 0,  6447.56, 6448
------ TOTAL TIME  6458.776514


------ TOTAL TIME  6458.776517

Rodando  2
