nova118
poisson_serial
0
/home_nfs/nbcgib/evalero/CUDA/poissonSerial
Teste opt - 01 ######################################
Testando Poisson com 512x512
Rodando  1

------ MALHA 512 x 512
------ PRESSAO ------- ITERACAO 58144 ------ ERRO 1.0000E-05
------ CPU TIME 2104540000, 0, 0,  2104.54, 2105
------ TOTAL TIME  2104.956226


------ TOTAL TIME  2104.956229

Rodando  2

------ MALHA 512 x 512
------ PRESSAO ------- ITERACAO 58144 ------ ERRO 1.0000E-05
------ CPU TIME 2104440000, 0, 0,  2104.44, 2104
------ TOTAL TIME  2104.838989


------ TOTAL TIME  2104.838993

Rodando  3

------ MALHA 512 x 512
------ PRESSAO ------- ITERACAO 58144 ------ ERRO 1.0000E-05
------ CPU TIME 2104760000, 0, 0,  2104.76, 2105
------ TOTAL TIME  2105.172147


------ TOTAL TIME  2105.172151

Rodando  4

------ MALHA 512 x 512
------ PRESSAO ------- ITERACAO 58144 ------ ERRO 1.0000E-05
------ CPU TIME 2104300000, 0, 0,  2104.3, 2104
------ TOTAL TIME  2104.704556


------ TOTAL TIME  2104.704559

Rodando  5

------ MALHA 512 x 512
------ PRESSAO ------- ITERACAO 58144 ------ ERRO 1.0000E-05
------ CPU TIME 2104250000, 0, 0,  2104.25, 2104
------ TOTAL TIME  2104.659646


------ TOTAL TIME  2104.659649

Rodando  6

------ MALHA 512 x 512
------ PRESSAO ------- ITERACAO 58144 ------ ERRO 1.0000E-05
------ CPU TIME 2100780000, 0, 0,  2100.78, 2101
------ TOTAL TIME  2101.187907


------ TOTAL TIME  2101.187910

Testando Poisson com 1024x1024
Rodando  1

------ MALHA 1024 x 1024
------ PRESSAO ------- ITERACAO 81502 ------ ERRO 9.9999E-06
------ CPU TIME 11764280000, 0, 0,  11764.3, 1.176e+04
------ TOTAL TIME  11766.569922


------ TOTAL TIME  11766.569927

Rodando  2

------ MALHA 1024 x 1024
------ PRESSAO ------- ITERACAO 81502 ------ ERRO 9.9999E-06
------ CPU TIME 11765800000, 0, 0,  11765.8, 1.177e+04
------ TOTAL TIME  11768.020873


------ TOTAL TIME  11768.020877

Rodando  3

------ MALHA 1024 x 1024
------ PRESSAO ------- ITERACAO 81502 ------ ERRO 9.9999E-06
------ CPU TIME 11764650000, 0, 0,  11764.6, 1.176e+04
------ TOTAL TIME  11766.862214


------ TOTAL TIME  11766.862218

