Teste Gold ######################################
Testando Poisson com 128x128
Rodando  1

------ MALHA 128 x 128
------ PRESSAO ------- ITERACAO 11595 ------ ERRO 9.9981E-06
------ CPU TIME 13368657, 4885, 0.004885,  13.3687, 13.36
------ TOTAL TIME  13.454171

Rodando  2

------ MALHA 128 x 128
------ PRESSAO ------- ITERACAO 11595 ------ ERRO 9.9981E-06
------ CPU TIME 13471781, 4784, 0.004784,  13.4718, 13.47
------ TOTAL TIME  13.563084

Rodando  3

------ MALHA 128 x 128
------ PRESSAO ------- ITERACAO 11595 ------ ERRO 9.9981E-06
------ CPU TIME 13364077, 4847, 0.004847,  13.3641, 13.36
------ TOTAL TIME  13.449620

Rodando  4

------ MALHA 128 x 128
------ PRESSAO ------- ITERACAO 11595 ------ ERRO 9.9981E-06
------ CPU TIME 13369363, 2095, 0.002095,  13.3694, 13.37
------ TOTAL TIME  13.455271

Rodando  5

------ MALHA 128 x 128
------ PRESSAO ------- ITERACAO 11595 ------ ERRO 9.9981E-06
------ CPU TIME 13386450, 2125, 0.002125,  13.3864, 13.38
------ TOTAL TIME  13.486593

Rodando  6

------ MALHA 128 x 128
------ PRESSAO ------- ITERACAO 11595 ------ ERRO 9.9981E-06
------ CPU TIME 13366052, 2123, 0.002123,  13.3661, 13.36
------ TOTAL TIME  13.458668

Testando Poisson com 256x256
Rodando  1

------ MALHA 256 x 256
------ PRESSAO ------- ITERACAO 29252 ------ ERRO 9.9998E-06
------ CPU TIME 161563747, 6259, 0.006259,  161.564, 161.6
------ TOTAL TIME  162.872718

Rodando  2

------ MALHA 256 x 256
------ PRESSAO ------- ITERACAO 29252 ------ ERRO 9.9998E-06
------ CPU TIME 161457946, 6274, 0.006274,  161.458, 161.5
------ TOTAL TIME  162.782602

Rodando  3

------ MALHA 256 x 256
------ PRESSAO ------- ITERACAO 29252 ------ ERRO 9.9998E-06
------ CPU TIME 161601517, 6271, 0.006271,  161.602, 161.6
------ TOTAL TIME  162.924536

Rodando  4

------ MALHA 256 x 256
------ PRESSAO ------- ITERACAO 29252 ------ ERRO 9.9998E-06
------ CPU TIME 161496214, 6363, 0.006363,  161.496, 161.5
------ TOTAL TIME  162.846969

Rodando  5

------ MALHA 256 x 256
------ PRESSAO ------- ITERACAO 29252 ------ ERRO 9.9998E-06
------ CPU TIME 161270421, 6294, 0.006294,  161.27, 161.3
------ TOTAL TIME  162.600092

Rodando  6

------ MALHA 256 x 256
------ PRESSAO ------- ITERACAO 29252 ------ ERRO 9.9998E-06
------ CPU TIME 160728742, 14674, 0.014674,  160.729, 160.7
------ TOTAL TIME  162.048972

Teste 01 ######################################
Testando Poisson com 128x128
Rodando  1

------ MALHA 128 x 128
------ PRESSAO ------- ITERACAO 11595 ------ ERRO 9.9981E-06
------ CPU TIME 13798179, 3031, 0.003031,  13.7982, 13.8
------ TOTAL TIME  13.872316


------ TOTAL TIME  13.872324

Rodando  2

------ MALHA 128 x 128
------ PRESSAO ------- ITERACAO 11595 ------ ERRO 9.9981E-06
------ CPU TIME 14047987, 1383, 0.001383,  14.048, 14.05
------ TOTAL TIME  14.133708


------ TOTAL TIME  14.133711

Rodando  3

------ MALHA 128 x 128
------ PRESSAO ------- ITERACAO 11595 ------ ERRO 9.9981E-06
------ CPU TIME 13775854, 1410, 0.00141,  13.7759, 13.77
------ TOTAL TIME  13.857368


------ TOTAL TIME  13.857371

Rodando  4

------ MALHA 128 x 128
------ PRESSAO ------- ITERACAO 11595 ------ ERRO 9.9981E-06
------ CPU TIME 13719352, 1578, 0.001578,  13.7194, 13.72
------ TOTAL TIME  13.807224


------ TOTAL TIME  13.807227

Rodando  5

------ MALHA 128 x 128
------ PRESSAO ------- ITERACAO 11595 ------ ERRO 9.9981E-06
------ CPU TIME 13786050, 1407, 0.001407,  13.786, 13.78
------ TOTAL TIME  13.897863


------ TOTAL TIME  13.897866

Rodando  6

------ MALHA 128 x 128
------ PRESSAO ------- ITERACAO 11595 ------ ERRO 9.9981E-06
------ CPU TIME 13802272, 1400, 0.0014,  13.8023, 13.8
------ TOTAL TIME  13.896775


------ TOTAL TIME  13.896778

Testando Poisson com 256x256
Rodando  1

------ MALHA 256 x 256
------ PRESSAO ------- ITERACAO 29252 ------ ERRO 9.9998E-06
------ CPU TIME 160229357, 1331, 0.001331,  160.229, 160.2
------ TOTAL TIME  161.545341


------ TOTAL TIME  161.545344

Rodando  2

------ MALHA 256 x 256
------ PRESSAO ------- ITERACAO 29252 ------ ERRO 9.9998E-06
------ CPU TIME 160510278, 1423, 0.001423,  160.51, 160.5
------ TOTAL TIME  161.842195


------ TOTAL TIME  161.842198

Rodando  3

------ MALHA 256 x 256
------ PRESSAO ------- ITERACAO 29252 ------ ERRO 9.9998E-06
------ CPU TIME 160141137, 1488, 0.001488,  160.141, 160.1
------ TOTAL TIME  161.456646


------ TOTAL TIME  161.456649

Rodando  4

------ MALHA 256 x 256
------ PRESSAO ------- ITERACAO 29252 ------ ERRO 9.9998E-06
------ CPU TIME 160337700, 1474, 0.001474,  160.338, 160.3
------ TOTAL TIME  161.685009


------ TOTAL TIME  161.685011

Rodando  5

------ MALHA 256 x 256
------ PRESSAO ------- ITERACAO 29252 ------ ERRO 9.9998E-06
------ CPU TIME 158458445, 1406, 0.001406,  158.458, 158.5
------ TOTAL TIME  159.750315


------ TOTAL TIME  159.750318

Rodando  6

------ MALHA 256 x 256
------ PRESSAO ------- ITERACAO 29252 ------ ERRO 9.9998E-06
------ CPU TIME 158079912, 1407, 0.001407,  158.08, 158.1
------ TOTAL TIME  159.377735


------ TOTAL TIME  159.377738