nova201
poisson_serial
0
/home_nfs/nbcgib/evalero/CUDA/poissonSerial
Teste opt - v1.6 GPU ######################################
Testando Poisson com 512x512
Rodando  1

------ MALHA 512 x 512
------ PRESSAO ------- ITERACAO 58144 ------ ERRO 1.0000E-05
------ CPU TIME 1120240000, 0, 0,  1120.24, 1120
------ TOTAL TIME  1122.202188


------ TOTAL TIME  1122.202191

Rodando  2

------ MALHA 512 x 512
------ PRESSAO ------- ITERACAO 58144 ------ ERRO 1.0000E-05
------ CPU TIME 1118390000, 0, 0,  1118.39, 1118
------ TOTAL TIME  1120.401411


------ TOTAL TIME  1120.401414

Rodando  3

------ MALHA 512 x 512
------ PRESSAO ------- ITERACAO 58144 ------ ERRO 1.0000E-05
------ CPU TIME 1120590000, 0, 0,  1120.59, 1121
------ TOTAL TIME  1122.540300


------ TOTAL TIME  1122.540303

Rodando  4

------ MALHA 512 x 512
------ PRESSAO ------- ITERACAO 58144 ------ ERRO 1.0000E-05
------ CPU TIME 1119930000, 0, 0,  1119.93, 1120
------ TOTAL TIME  1121.883897


------ TOTAL TIME  1121.883900

Rodando  5

------ MALHA 512 x 512
------ PRESSAO ------- ITERACAO 58144 ------ ERRO 1.0000E-05
------ CPU TIME 1120310000, 0, 0,  1120.31, 1120
------ TOTAL TIME  1122.337414


------ TOTAL TIME  1122.337417

Rodando  6

------ MALHA 512 x 512
------ PRESSAO ------- ITERACAO 58144 ------ ERRO 1.0000E-05
------ CPU TIME 1124210000, 0, 0,  1124.21, 1124
------ TOTAL TIME  1126.173437


------ TOTAL TIME  1126.173443

Testando Poisson com 1024x1024
Rodando  1

------ MALHA 1024 x 1024
------ PRESSAO ------- ITERACAO 81502 ------ ERRO 9.9999E-06
------ CPU TIME 6495090000, 0, 0,  6495.09, 6495
------ TOTAL TIME  6506.780701


------ TOTAL TIME  6506.780704

Rodando  2

------ MALHA 1024 x 1024
------ PRESSAO ------- ITERACAO 81502 ------ ERRO 9.9999E-06
------ CPU TIME 6526670000, 0, 0,  6526.67, 6527
------ TOTAL TIME  6538.015920


------ TOTAL TIME  6538.015924

Rodando  3

------ MALHA 1024 x 1024
------ PRESSAO ------- ITERACAO 81502 ------ ERRO 9.9999E-06
------ CPU TIME 6496380000, 0, 0,  6496.38, 6496
------ TOTAL TIME  6508.073022


------ TOTAL TIME  6508.073026

