nova117
poisson_serial
0
/home_nfs/nbcgib/evalero/CUDA/poissonSerial
Teste opt - 01 LONG ######################################
Testando Poisson com 512x512
Rodando  1

------ MALHA 512 x 512
------ PRESSAO ------- ITERACAO 58144 ------ ERRO 1.0000E-05
------ CPU TIME 2100720000, 0, 0,  2100.72, 2101
------ TOTAL TIME  2101.128174


------ TOTAL TIME  2101.128177

Rodando  2

------ MALHA 512 x 512
------ PRESSAO ------- ITERACAO 58144 ------ ERRO 1.0000E-05
------ CPU TIME 2100770000, 0, 0,  2100.77, 2101
------ TOTAL TIME  2101.179474


------ TOTAL TIME  2101.179478

Rodando  3

------ MALHA 512 x 512
------ PRESSAO ------- ITERACAO 58144 ------ ERRO 1.0000E-05
------ CPU TIME 2100690000, 0, 0,  2100.69, 2101
------ TOTAL TIME  2101.093092


------ TOTAL TIME  2101.093096

Rodando  4

------ MALHA 512 x 512
------ PRESSAO ------- ITERACAO 58144 ------ ERRO 1.0000E-05
------ CPU TIME 2100420000, 0, 0,  2100.42, 2100
------ TOTAL TIME  2100.814678


------ TOTAL TIME  2100.814682

Rodando  5

------ MALHA 512 x 512
------ PRESSAO ------- ITERACAO 58144 ------ ERRO 1.0000E-05
------ CPU TIME 2100880000, 0, 0,  2100.88, 2101
------ TOTAL TIME  2101.293149


------ TOTAL TIME  2101.293153

Rodando  6

------ MALHA 512 x 512
------ PRESSAO ------- ITERACAO 58144 ------ ERRO 1.0000E-05
------ CPU TIME 2100700000, 0, 0,  2100.7, 2101
------ TOTAL TIME  2101.142936


------ TOTAL TIME  2101.142940

Testando Poisson com 1024x1024
Rodando  1

------ MALHA 1024 x 1024
------ PRESSAO ------- ITERACAO 81502 ------ ERRO 9.9999E-06
------ CPU TIME 11769030000, 0, 0,  11769, 1.177e+04
------ TOTAL TIME  11771.255250


------ TOTAL TIME  11771.255254

Rodando  2

------ MALHA 1024 x 1024
------ PRESSAO ------- ITERACAO 81502 ------ ERRO 9.9999E-06
------ CPU TIME 11769180000, 0, 0,  11769.2, 1.177e+04
------ TOTAL TIME  11771.646467


------ TOTAL TIME  11771.646471

Rodando  3

------ MALHA 1024 x 1024
------ PRESSAO ------- ITERACAO 81502 ------ ERRO 9.9999E-06
------ CPU TIME 11766530000, 0, 0,  11766.5, 1.177e+04
------ TOTAL TIME  11768.751333


------ TOTAL TIME  11768.751337

