nova202
poisson_serial
0
/home_nfs/nbcgib/evalero/CUDA/poissonSerial
Teste opt - v1.5 GPU ######################################
src/libpoisson.c: In function ‘internosArray’:
src/libpoisson.c:454:9: warning: unused variable ‘stopi’ [-Wunused-variable]
     int stopi = N*(N-2);
         ^
Testando Poisson com 512x512
Rodando  1
slurmd[nova202]: execve(): bin/Release/poisson_05_GPU: No such file or directory
srun: error: nova202: task 0: Exited with exit code 2
Rodando  2
slurmd[nova202]: execve(): bin/Release/poisson_05_GPU: No such file or directory
srun: error: nova202: task 0: Exited with exit code 2
Rodando  3
slurmd[nova202]: execve(): bin/Release/poisson_05_GPU: No such file or directory
srun: error: nova202: task 0: Exited with exit code 2
Rodando  4
slurmd[nova202]: execve(): bin/Release/poisson_05_GPU: No such file or directory
srun: error: nova202: task 0: Exited with exit code 2
Rodando  5
slurmd[nova202]: execve(): bin/Release/poisson_05_GPU: No such file or directory
srun: error: nova202: task 0: Exited with exit code 2
Rodando  6
slurmd[nova202]: execve(): bin/Release/poisson_05_GPU: No such file or directory
srun: error: nova202: task 0: Exited with exit code 2
Testando Poisson com 1024x1024
Rodando  1
slurmd[nova202]: execve(): bin/Release/poisson_05_GPU: No such file or directory
srun: error: nova202: task 0: Exited with exit code 2
Rodando  2
slurmd[nova202]: execve(): bin/Release/poisson_05_GPU: No such file or directory
srun: error: nova202: task 0: Exited with exit code 2
Rodando  3
slurmd[nova202]: execve(): bin/Release/poisson_05_GPU: No such file or directory
srun: error: nova202: task 0: Exited with exit code 2
