nova202
poisson_serial
0
/home_nfs/nbcgib/evalero/CUDA/poissonSerial
Teste opt - v1.2 GPU ######################################
Testando Poisson com 512x512
Rodando  1

------ MALHA 512 x 512
------ PRESSAO ------- ITERACAO 58144 ------ ERRO 1.0000E-05
------ CPU TIME 1118590000, 0, 0,  1118.59, 1119
------ TOTAL TIME  1120.618080


------ TOTAL TIME  1120.618084

Rodando  2

------ MALHA 512 x 512
------ PRESSAO ------- ITERACAO 58144 ------ ERRO 1.0000E-05
------ CPU TIME 1122130000, 0, 0,  1122.13, 1122
------ TOTAL TIME  1124.167329


------ TOTAL TIME  1124.167333

Rodando  3

------ MALHA 512 x 512
------ PRESSAO ------- ITERACAO 58144 ------ ERRO 1.0000E-05
------ CPU TIME 1119310000, 0, 0,  1119.31, 1119
------ TOTAL TIME  1121.342518


------ TOTAL TIME  1121.342521

Rodando  4

------ MALHA 512 x 512
------ PRESSAO ------- ITERACAO 58144 ------ ERRO 1.0000E-05
------ CPU TIME 1122020000, 0, 0,  1122.02, 1122
------ TOTAL TIME  1124.059481


------ TOTAL TIME  1124.059485

Rodando  5

------ MALHA 512 x 512
------ PRESSAO ------- ITERACAO 58144 ------ ERRO 1.0000E-05
------ CPU TIME 1120320000, 0, 0,  1120.32, 1120
------ TOTAL TIME  1122.347087


------ TOTAL TIME  1122.347091

Rodando  6

------ MALHA 512 x 512
------ PRESSAO ------- ITERACAO 58144 ------ ERRO 1.0000E-05
------ CPU TIME 1121960000, 0, 0,  1121.96, 1122
------ TOTAL TIME  1123.991957


------ TOTAL TIME  1123.991960

Testando Poisson com 1024x1024
Rodando  1

------ MALHA 1024 x 1024
------ PRESSAO ------- ITERACAO 81502 ------ ERRO 9.9999E-06
------ CPU TIME 6505840000, 0, 0,  6505.84, 6506
------ TOTAL TIME  6517.605123


------ TOTAL TIME  6517.605126

Rodando  2

------ MALHA 1024 x 1024
------ PRESSAO ------- ITERACAO 81502 ------ ERRO 9.9999E-06
------ CPU TIME 6508290000, 0, 0,  6508.29, 6508
------ TOTAL TIME  6520.074832


------ TOTAL TIME  6520.074835

Rodando  3

------ MALHA 1024 x 1024
------ PRESSAO ------- ITERACAO 81502 ------ ERRO 9.9999E-06
------ CPU TIME 6500730000, 0, 0,  6500.73, 6501
------ TOTAL TIME  6512.100043


------ TOTAL TIME  6512.100047

