--------------------------------------
	linux-vdso.so.1 =>  (0x00007fff52d8f000)
	libm.so.6 => /lib64/libm.so.6 (0x00007f2bda833000)
	libc.so.6 => /lib64/libc.so.6 (0x00007f2bda4a1000)
	/lib64/ld-linux-x86-64.so.2 (0x00007f2bdaac7000)
--------------------------------------
Testando Malha 512 X 512
Rodando  1

------ MALHA 512 x 512
------ PRESSAO ------- ITERACAO 58144 ------ ERRO 1.0000E-05
------ CPU TIME 2034370000, 20000, 0.02,  2034.37, 2034
------ TOTAL TIME  2034.769614

Rodando  2

------ MALHA 512 x 512
------ PRESSAO ------- ITERACAO 58144 ------ ERRO 1.0000E-05
------ CPU TIME 2029180000, 20000, 0.02,  2029.18, 2029
------ TOTAL TIME  2029.546401

Rodando  3

------ MALHA 512 x 512
------ PRESSAO ------- ITERACAO 58144 ------ ERRO 1.0000E-05
------ CPU TIME 2043480000, 20000, 0.02,  2043.48, 2043
------ TOTAL TIME  2043.844678

Rodando  4

------ MALHA 512 x 512
------ PRESSAO ------- ITERACAO 58144 ------ ERRO 1.0000E-05
------ CPU TIME 2031630000, 20000, 0.02,  2031.63, 2032
------ TOTAL TIME  2031.986142

Rodando  5

------ MALHA 512 x 512
------ PRESSAO ------- ITERACAO 58144 ------ ERRO 1.0000E-05
------ CPU TIME 2034210000, 20000, 0.02,  2034.21, 2034
------ TOTAL TIME  2034.575047

######################################
Testando Malha 1024 X 1024
Rodando  1

------ MALHA 1024 x 1024
------ PRESSAO ------- ITERACAO 81502 ------ ERRO 9.9999E-06
------ CPU TIME 11400500000, 50000, 0.05,  11400.5, 1.14e+04
------ TOTAL TIME  11402.610151


real	190m2.692s
user	190m0.377s
sys	0m0.152s
Rodando  2

------ MALHA 1024 x 1024
------ PRESSAO ------- ITERACAO 81502 ------ ERRO 9.9999E-06
------ CPU TIME 11391000000, 50000, 0.05,  11391, 1.139e+04
------ TOTAL TIME  11393.267586


real	189m53.349s
user	189m50.836s
sys	0m0.187s
Rodando  3

------ MALHA 1024 x 1024
------ PRESSAO ------- ITERACAO 81502 ------ ERRO 9.9999E-06
------ CPU TIME 11382880000, 50000, 0.05,  11382.9, 1.138e+04
------ TOTAL TIME  11384.974256


real	189m45.049s
user	189m42.755s
sys	0m0.151s
