nova116
poisson_serial
0
/home_nfs/nbcgib/evalero/CUDA/poissonSerial
######################################
Testando Poisson com 512x512
Rodando  1

------ MALHA 512 x 512
------ PRESSAO ------- ITERACAO 58144 ------ ERRO 1.0000E-05
------ CPU TIME 2113360000, 0, 0,  2113.36, 2113
------ TOTAL TIME  2113.768901


------ TOTAL TIME  2113.768906

Rodando  2

------ MALHA 512 x 512
------ PRESSAO ------- ITERACAO 58144 ------ ERRO 1.0000E-05
------ CPU TIME 2104580000, 0, 0,  2104.58, 2105
------ TOTAL TIME  2105.010177


------ TOTAL TIME  2105.010181

Rodando  3

------ MALHA 512 x 512
------ PRESSAO ------- ITERACAO 58144 ------ ERRO 1.0000E-05
------ CPU TIME 2104320000, 0, 0,  2104.32, 2104
------ TOTAL TIME  2104.744973


------ TOTAL TIME  2104.744977

Rodando  4

------ MALHA 512 x 512
------ PRESSAO ------- ITERACAO 58144 ------ ERRO 1.0000E-05
------ CPU TIME 2104380000, 0, 0,  2104.38, 2104
------ TOTAL TIME  2104.808101


------ TOTAL TIME  2104.808105

Rodando  5

------ MALHA 512 x 512
------ PRESSAO ------- ITERACAO 58144 ------ ERRO 1.0000E-05
------ CPU TIME 2104480000, 0, 0,  2104.48, 2104
------ TOTAL TIME  2104.908708


------ TOTAL TIME  2104.908711

Rodando  6

------ MALHA 512 x 512
------ PRESSAO ------- ITERACAO 58144 ------ ERRO 1.0000E-05
------ CPU TIME 2104310000, 0, 0,  2104.31, 2104
------ TOTAL TIME  2104.714627


------ TOTAL TIME  2104.714631

Testando Poisson com 1024x1024
Rodando  1

------ MALHA 1024 x 1024
------ PRESSAO ------- ITERACAO 81502 ------ ERRO 9.9999E-06
------ CPU TIME 11763780000, 0, 0,  11763.8, 1.176e+04
------ TOTAL TIME  11766.000371


------ TOTAL TIME  11766.000375

Rodando  2

------ MALHA 1024 x 1024
------ PRESSAO ------- ITERACAO 81502 ------ ERRO 9.9999E-06
------ CPU TIME 11764590000, 0, 0,  11764.6, 1.176e+04
------ TOTAL TIME  11766.920261


------ TOTAL TIME  11766.920265

Rodando  3

------ MALHA 1024 x 1024
------ PRESSAO ------- ITERACAO 81502 ------ ERRO 9.9999E-06
------ CPU TIME 11767970000, 0, 0,  11768, 1.177e+04
------ TOTAL TIME  11770.371141


------ TOTAL TIME  11770.371145

