nova201
poisson_serial
0
/home_nfs/nbcgib/evalero/CUDA/poissonSerial
Teste opt - 02 GPU ######################################
Testando Poisson com 512x512
Rodando  1

------ MALHA 512 x 512
------ PRESSAO ------- ITERACAO 58144 ------ ERRO 1.0000E-05
------ CPU TIME 1126470000, 0, 0,  1126.47, 1126
------ TOTAL TIME  1128.441242


------ TOTAL TIME  1128.441248

Rodando  2

------ MALHA 512 x 512
------ PRESSAO ------- ITERACAO 58144 ------ ERRO 1.0000E-05
------ CPU TIME 1246470000, 0, 0,  1246.47, 1246
------ TOTAL TIME  1248.718008


------ TOTAL TIME  1248.718012

Rodando  3

------ MALHA 512 x 512
------ PRESSAO ------- ITERACAO 58144 ------ ERRO 1.0000E-05
------ CPU TIME 1248880000, 0, 0,  1248.88, 1249
------ TOTAL TIME  1251.132604


------ TOTAL TIME  1251.132607

Rodando  4

------ MALHA 512 x 512
------ PRESSAO ------- ITERACAO 58144 ------ ERRO 1.0000E-05
------ CPU TIME 1202900000, 0, 0,  1202.9, 1203
------ TOTAL TIME  1205.081356


------ TOTAL TIME  1205.081360

Rodando  5

------ MALHA 512 x 512
------ PRESSAO ------- ITERACAO 58144 ------ ERRO 1.0000E-05
------ CPU TIME 1254130000, 0, 0,  1254.13, 1254
------ TOTAL TIME  1256.383443


------ TOTAL TIME  1256.383447

Rodando  6

------ MALHA 512 x 512
------ PRESSAO ------- ITERACAO 58144 ------ ERRO 1.0000E-05
------ CPU TIME 1248100000, 0, 0,  1248.1, 1248
------ TOTAL TIME  1250.336894


------ TOTAL TIME  1250.336898

Testando Poisson com 1024x1024
Rodando  1

------ MALHA 1024 x 1024
------ PRESSAO ------- ITERACAO 81502 ------ ERRO 9.9999E-06
------ CPU TIME 7244820000, 0, 0,  7244.82, 7245
------ TOTAL TIME  7257.802946


------ TOTAL TIME  7257.802950

Rodando  2

------ MALHA 1024 x 1024
------ PRESSAO ------- ITERACAO 81502 ------ ERRO 9.9999E-06
------ CPU TIME 7272920000, 0, 0,  7272.92, 7273
------ TOTAL TIME  7285.982285


------ TOTAL TIME  7285.982289

Rodando  3

------ MALHA 1024 x 1024
------ PRESSAO ------- ITERACAO 81502 ------ ERRO 9.9999E-06
------ CPU TIME 7250930000, 0, 0,  7250.93, 7251
------ TOTAL TIME  7263.934517


------ TOTAL TIME  7263.934521

