nova202
poisson_serial
0
/home_nfs/nbcgib/evalero/CUDA/poissonSerial
Teste opt - 01 GPU ######################################
Testando Poisson com 512x512
Rodando  1

------ MALHA 512 x 512
------ PRESSAO ------- ITERACAO 58144 ------ ERRO 1.0000E-05
------ CPU TIME 1119180000, 0, 0,  1119.18, 1119
------ TOTAL TIME  1121.152845


------ TOTAL TIME  1121.152849

Rodando  2

------ MALHA 512 x 512
------ PRESSAO ------- ITERACAO 58144 ------ ERRO 1.0000E-05
------ CPU TIME 1121490000, 0, 0,  1121.49, 1121
------ TOTAL TIME  1123.519400


------ TOTAL TIME  1123.519404

Rodando  3

------ MALHA 512 x 512
------ PRESSAO ------- ITERACAO 58144 ------ ERRO 1.0000E-05
------ CPU TIME 1123250000, 0, 0,  1123.25, 1123
------ TOTAL TIME  1125.295963


------ TOTAL TIME  1125.295967

Rodando  4

------ MALHA 512 x 512
------ PRESSAO ------- ITERACAO 58144 ------ ERRO 1.0000E-05
------ CPU TIME 1123010000, 0, 0,  1123.01, 1123
------ TOTAL TIME  1125.041002


------ TOTAL TIME  1125.041005

Rodando  5

------ MALHA 512 x 512
------ PRESSAO ------- ITERACAO 58144 ------ ERRO 1.0000E-05
------ CPU TIME 1125370000, 0, 0,  1125.37, 1125
------ TOTAL TIME  1127.416535


------ TOTAL TIME  1127.416539

Rodando  6

------ MALHA 512 x 512
------ PRESSAO ------- ITERACAO 58144 ------ ERRO 1.0000E-05
------ CPU TIME 1126170000, 0, 0,  1126.17, 1126
------ TOTAL TIME  1128.212714


------ TOTAL TIME  1128.212717

Testando Poisson com 1024x1024
Rodando  1

------ MALHA 1024 x 1024
------ PRESSAO ------- ITERACAO 81502 ------ ERRO 9.9999E-06
------ CPU TIME 6519420000, 0, 0,  6519.42, 6519
------ TOTAL TIME  6531.210640


------ TOTAL TIME  6531.210643

Rodando  2

------ MALHA 1024 x 1024
------ PRESSAO ------- ITERACAO 81502 ------ ERRO 9.9999E-06
------ CPU TIME 6519770000, 0, 0,  6519.77, 6520
------ TOTAL TIME  6531.556181


------ TOTAL TIME  6531.556184

Rodando  3

------ MALHA 1024 x 1024
------ PRESSAO ------- ITERACAO 81502 ------ ERRO 9.9999E-06
------ CPU TIME 6540500000, 0, 0,  6540.5, 6540
------ TOTAL TIME  6552.330229


------ TOTAL TIME  6552.330232

