nova117
poisson_serial
0
/home_nfs/nbcgib/evalero/CUDA/poissonSerial
Teste opt - v1.5 LONG ######################################
src/libpoisson.c: In function ‘internosArray’:
src/libpoisson.c:454:9: warning: unused variable ‘stopi’ [-Wunused-variable]
     int stopi = N*(N-2);
         ^
Testando Poisson com 512x512
Rodando  1

------ MALHA 512 x 512
------ PRESSAO ------- ITERACAO 58144 ------ ERRO 1.0000E-05
------ CPU TIME 2098120000, 0, 0,  2098.12, 2098
------ TOTAL TIME  2098.571224


------ TOTAL TIME  2098.571227

Rodando  2

------ MALHA 512 x 512
------ PRESSAO ------- ITERACAO 58144 ------ ERRO 1.0000E-05
------ CPU TIME 2098050000, 0, 0,  2098.05, 2098
------ TOTAL TIME  2098.505287


------ TOTAL TIME  2098.505291

Rodando  3

------ MALHA 512 x 512
------ PRESSAO ------- ITERACAO 58144 ------ ERRO 1.0000E-05
------ CPU TIME 2097830000, 0, 0,  2097.83, 2098
------ TOTAL TIME  2098.277685


------ TOTAL TIME  2098.277689

Rodando  4

------ MALHA 512 x 512
------ PRESSAO ------- ITERACAO 58144 ------ ERRO 1.0000E-05
------ CPU TIME 2097770000, 0, 0,  2097.77, 2098
------ TOTAL TIME  2098.172646


------ TOTAL TIME  2098.172650

Rodando  5

------ MALHA 512 x 512
------ PRESSAO ------- ITERACAO 58144 ------ ERRO 1.0000E-05
------ CPU TIME 2097860000, 0, 0,  2097.86, 2098
------ TOTAL TIME  2098.267310


------ TOTAL TIME  2098.267314

Rodando  6

------ MALHA 512 x 512
------ PRESSAO ------- ITERACAO 58144 ------ ERRO 1.0000E-05
------ CPU TIME 2097650000, 0, 0,  2097.65, 2098
------ TOTAL TIME  2098.056034


------ TOTAL TIME  2098.056038

Testando Poisson com 1024x1024
Rodando  1

------ MALHA 1024 x 1024
------ PRESSAO ------- ITERACAO 81502 ------ ERRO 9.9999E-06
------ CPU TIME 11755060000, 0, 0,  11755.1, 1.176e+04
------ TOTAL TIME  11757.276160


------ TOTAL TIME  11757.276163

Rodando  2

------ MALHA 1024 x 1024
------ PRESSAO ------- ITERACAO 81502 ------ ERRO 9.9999E-06
------ CPU TIME 11754480000, 0, 0,  11754.5, 1.175e+04
------ TOTAL TIME  11756.950192


------ TOTAL TIME  11756.950196

Rodando  3

------ MALHA 1024 x 1024
------ PRESSAO ------- ITERACAO 81502 ------ ERRO 9.9999E-06
------ CPU TIME 11752670000, 0, 0,  11752.7, 1.175e+04
------ TOTAL TIME  11754.900230


------ TOTAL TIME  11754.900233

